<?xml version="1.0" encoding="UTF-8"?>
<!-- Generated by org.testng.reporters.JUnitXMLReporter -->
<testsuite ignored="1" hostname="DESKTOP-D0GUUQ9" failures="0" tests="1" name="Default test" time="16.022" errors="0" timestamp="2025-10-24T15:13:25 IST">
  <testcase classname="tests.BuyTest" name="verifyAICSortingFunctionality" time="15.945"/>
  <testcase classname="tests.BuyTest" name="verifyBuyFiltersFunctionality" time="0.0">
    <ignored/>
  </testcase> <!-- verifyBuyFiltersFunctionality -->
</testsuite> <!-- Default test -->
