<?xml version="1.0" encoding="UTF-8"?>
<!-- Generated by org.testng.reporters.JUnitXMLReporter -->
<testsuite ignored="1" hostname="DESKTOP-D0GUUQ9" failures="0" tests="1" name="Default test" time="38.055" errors="0" timestamp="2025-10-27T18:02:03 IST">
  <testcase classname="tests.BuyTest" name="verifySortingFunctionality" time="37.967"/>
  <testcase classname="tests.BuyTest" name="verifyBuyFiltersFunctionality" time="0.0">
    <ignored/>
  </testcase> <!-- verifyBuyFiltersFunctionality -->
</testsuite> <!-- Default test -->
