<?xml version="1.0" encoding="UTF-8"?>
<testng-results ignored="0" total="1" passed="1" failed="0" skipped="0">
  <reporter-output>
    <line>
      <![CDATA[🔗 Sync initialized with driver instance: ChromeDriver: chrome on windows (a6c9381a50fe0e9c0efa766751fd34a1)]]>
    </line>
    <line>
      <![CDATA[✅ Element(s) visible for XPath: //h6[text()='Quick Search '] (Waited 10 sec)]]>
    </line>
    <line>
      <![CDATA[✅ Successfully clicked element with XPath: //h6[text()='Quick Search ']]]>
    </line>
    <line>
      <![CDATA[⏸️ Thread paused for 5 seconds]]>
    </line>
    <line>
      <![CDATA[✅ Successfully entered value 'HA1' into element with XPath: //label[text()='Property Type']//preceding::input[1]]]>
    </line>
    <line>
      <![CDATA[⏸️ Thread paused for 5 seconds]]>
    </line>
    <line>
      <![CDATA[✅ Successfully clicked element with XPath: //label[text()='Full Postcode']//following::a[1]]]>
    </line>
    <line>
      <![CDATA[⏸️ Thread paused for 5 seconds]]>
    </line>
    <line>
      <![CDATA[✅ Successfully clicked element with XPath: //label[text()='Property Type']//following::span[1]]]>
    </line>
  </reporter-output>
  <suite started-at="2025-10-16T12:01:58 IST" name="Default suite" finished-at="2025-10-16T12:02:15 IST" duration-ms="16809">
    <groups>
    </groups>
    <test started-at="2025-10-16T12:01:58 IST" name="Default test" finished-at="2025-10-16T12:02:15 IST" duration-ms="16809">
      <class name="tests.QuickSearchTest">
        <test-method is-config="true" signature="openBrowserWithLogin()[pri:0, instance:tests.QuickSearchTest@1d131e1b]" started-at="2025-10-16T12:01:36 IST" name="openBrowserWithLogin" finished-at="2025-10-16T12:01:58 IST" duration-ms="21908" status="PASS">
          <reporter-output>
          </reporter-output>
        </test-method> <!-- openBrowserWithLogin -->
        <test-method is-config="true" signature="beforeMethod(java.lang.reflect.Method)[pri:0, instance:tests.QuickSearchTest@1d131e1b]" started-at="2025-10-16T12:01:58 IST" name="beforeMethod" finished-at="2025-10-16T12:01:58 IST" duration-ms="33" status="PASS">
          <params>
            <param index="0">
              <value>
                <![CDATA[public void tests.QuickSearchTest.verifyQuickSearchFunctionality() throws java.lang.Exception]]>
              </value>
            </param>
          </params>
          <reporter-output>
          </reporter-output>
        </test-method> <!-- beforeMethod -->
        <test-method signature="verifyQuickSearchFunctionality()[pri:1, instance:tests.QuickSearchTest@1d131e1b]" started-at="2025-10-16T12:01:58 IST" name="verifyQuickSearchFunctionality" finished-at="2025-10-16T12:02:15 IST" duration-ms="16652" status="PASS">
          <reporter-output>
            <line>
              <![CDATA[🔗 Sync initialized with driver instance: ChromeDriver: chrome on windows (a6c9381a50fe0e9c0efa766751fd34a1)]]>
            </line>
            <line>
              <![CDATA[✅ Element(s) visible for XPath: //h6[text()='Quick Search '] (Waited 10 sec)]]>
            </line>
            <line>
              <![CDATA[✅ Successfully clicked element with XPath: //h6[text()='Quick Search ']]]>
            </line>
            <line>
              <![CDATA[⏸️ Thread paused for 5 seconds]]>
            </line>
            <line>
              <![CDATA[✅ Successfully entered value 'HA1' into element with XPath: //label[text()='Property Type']//preceding::input[1]]]>
            </line>
            <line>
              <![CDATA[⏸️ Thread paused for 5 seconds]]>
            </line>
            <line>
              <![CDATA[✅ Successfully clicked element with XPath: //label[text()='Full Postcode']//following::a[1]]]>
            </line>
            <line>
              <![CDATA[⏸️ Thread paused for 5 seconds]]>
            </line>
            <line>
              <![CDATA[✅ Successfully clicked element with XPath: //label[text()='Property Type']//following::span[1]]]>
            </line>
          </reporter-output>
        </test-method> <!-- verifyQuickSearchFunctionality -->
        <test-method is-config="true" signature="closeBrowser()[pri:0, instance:tests.QuickSearchTest@1d131e1b]" started-at="2025-10-16T12:02:15 IST" name="closeBrowser" finished-at="2025-10-16T12:02:16 IST" duration-ms="652" status="PASS">
          <reporter-output>
          </reporter-output>
        </test-method> <!-- closeBrowser -->
      </class> <!-- tests.QuickSearchTest -->
    </test> <!-- Default test -->
  </suite> <!-- Default suite -->
</testng-results>
