<?xml version="1.0" encoding="UTF-8"?>
<!-- Generated by org.testng.reporters.JUnitReportReporter -->
<testsuite hostname="DESKTOP-D0GUUQ9" failures="0" tests="1" name="tests.QuickSearchTest" time="0.017" errors="0" timestamp="2025-10-23T12:09:53 IST" skipped="0">
  <testcase classname="tests.QuickSearchTest" name="verifyQuickSearchFunctionality" time="0.017">
    <system-out>
      <![CDATA[🔗 Sync initialized with driver instance: ChromeDriver: chrome on windows (5f3860365be2ece00a0809000644a2cd)]]>
    </system-out>
  </testcase> <!-- verifyQuickSearchFunctionality -->
  <system-out>
    <![CDATA[🔗 Sync initialized with driver instance: ChromeDriver: chrome on windows (5f3860365be2ece00a0809000644a2cd)]]>
  </system-out>
</testsuite> <!-- tests.QuickSearchTest -->
