<?xml version="1.0" encoding="UTF-8"?>
<!-- Generated by org.testng.reporters.JUnitReportReporter -->
<testsuite hostname="DESKTOP-D0GUUQ9" failures="0" tests="1" name="tests.BuyTest" time="11.145" errors="0" timestamp="2025-10-23T17:18:37 IST" skipped="0">
  <testcase classname="tests.BuyTest" name="verifyBuyFiltersFunctionality" time="11.145">
    <system-out>
      <![CDATA[🔗 Sync initialized with driver instance: ChromeDriver: chrome on windows (53c03a2188e8976c54cbc607665b2073)
✅ Element(s) visible for XPath: //h6[text()='Buy '] (Waited 5 sec)
✅ Element(s) visible for XPath: //h6[text()='Buy '] (Waited 5 sec)
✅ Successfully clicked element with XPath: //h6[text()='Buy ']
⏸️ Thread paused for 5 seconds
✅ Element(s) visible for XPath: //label[text()='My Requirements ']//following::span[1] (Waited 10 sec)
✅ Element clickable for XPath: //label[text()='My Requirements ']//following::span[1] (Waited 10 sec)
✅ Successfully clicked element with XPath: //label[text()='My Requirements ']//following::span[1]
✅ Element(s) visible for XPath: //label[text()='My Requirements ']//following::a[2] (Waited 10 sec)
✅ Element clickable for XPath: //label[text()='My Requirements ']//following::a[2] (Waited 10 sec)
✅ Successfully clicked element with XPath: //label[text()='My Requirements ']//following::a[2]
✅ Element(s) visible for XPath: //label[text()="Properties found"]//preceding::strong[1] (Waited 10 sec)
✅ Element clickable for XPath: //label[text()="Properties found"]//preceding::strong[1] (Waited 10 sec)
Retrieved text from element with XPath: //label[text()="Properties found"]//preceding::strong[1]. Text: 4,176
✅ Element(s) visible for XPath: //label[text()='Yield ']//following::input[1] (Waited 10 sec)
✅ Element clickable for XPath: //label[text()='Yield ']//following::input[1] (Waited 10 sec)
✅ Successfully entered value '5.6' into element with XPath: //label[text()='Yield ']//following::input[1]
✅ Element(s) visible for XPath: //a[text()='Search'] (Waited 10 sec)
✅ Element clickable for XPath: //a[text()='Search'] (Waited 10 sec)
✅ Successfully clicked element with XPath: //a[text()='Search']
✅ Element(s) visible for XPath: //label[text()="Properties found"]//preceding::strong[1] (Waited 10 sec)
✅ Element clickable for XPath: //label[text()="Properties found"]//preceding::strong[1] (Waited 10 sec)
Retrieved text from element with XPath: //label[text()="Properties found"]//preceding::strong[1]. Text: 910]]>
    </system-out>
  </testcase> <!-- verifyBuyFiltersFunctionality -->
  <system-out>
    <![CDATA[🔗 Sync initialized with driver instance: ChromeDriver: chrome on windows (53c03a2188e8976c54cbc607665b2073)
✅ Element(s) visible for XPath: //h6[text()='Buy '] (Waited 5 sec)
✅ Element(s) visible for XPath: //h6[text()='Buy '] (Waited 5 sec)
✅ Successfully clicked element with XPath: //h6[text()='Buy ']
⏸️ Thread paused for 5 seconds
✅ Element(s) visible for XPath: //label[text()='My Requirements ']//following::span[1] (Waited 10 sec)
✅ Element clickable for XPath: //label[text()='My Requirements ']//following::span[1] (Waited 10 sec)
✅ Successfully clicked element with XPath: //label[text()='My Requirements ']//following::span[1]
✅ Element(s) visible for XPath: //label[text()='My Requirements ']//following::a[2] (Waited 10 sec)
✅ Element clickable for XPath: //label[text()='My Requirements ']//following::a[2] (Waited 10 sec)
✅ Successfully clicked element with XPath: //label[text()='My Requirements ']//following::a[2]
✅ Element(s) visible for XPath: //label[text()="Properties found"]//preceding::strong[1] (Waited 10 sec)
✅ Element clickable for XPath: //label[text()="Properties found"]//preceding::strong[1] (Waited 10 sec)
Retrieved text from element with XPath: //label[text()="Properties found"]//preceding::strong[1]. Text: 4,176
✅ Element(s) visible for XPath: //label[text()='Yield ']//following::input[1] (Waited 10 sec)
✅ Element clickable for XPath: //label[text()='Yield ']//following::input[1] (Waited 10 sec)
✅ Successfully entered value '5.6' into element with XPath: //label[text()='Yield ']//following::input[1]
✅ Element(s) visible for XPath: //a[text()='Search'] (Waited 10 sec)
✅ Element clickable for XPath: //a[text()='Search'] (Waited 10 sec)
✅ Successfully clicked element with XPath: //a[text()='Search']
✅ Element(s) visible for XPath: //label[text()="Properties found"]//preceding::strong[1] (Waited 10 sec)
✅ Element clickable for XPath: //label[text()="Properties found"]//preceding::strong[1] (Waited 10 sec)
Retrieved text from element with XPath: //label[text()="Properties found"]//preceding::strong[1]. Text: 910]]>
  </system-out>
</testsuite> <!-- tests.BuyTest -->
