<?xml version="1.0" encoding="UTF-8"?>
<!-- Generated by org.testng.reporters.JUnitReportReporter -->
<testsuite hostname="DESKTOP-D0GUUQ9" failures="0" tests="1" name="tests.SimplifyQuickSearch" time="5.454" errors="0" timestamp="2025-10-16T11:07:08 IST" skipped="0">
  <testcase classname="tests.SimplifyQuickSearch" name="verifyQuickSearchFunctionality" time="5.454">
    <system-out>
      <![CDATA[🔗 Sync initialized with driver instance: ChromeDriver: chrome on windows (05b72d729376e880ae2db9bc341ebc45)
✅ Element(s) visible for XPath: //h6[text()='Quick Search '] (Waited 5 sec)
✅ Successfully clicked element with XPath: //h6[text()='Quick Search ']]]>
    </system-out>
  </testcase> <!-- verifyQuickSearchFunctionality -->
  <system-out>
    <![CDATA[🔗 Sync initialized with driver instance: ChromeDriver: chrome on windows (05b72d729376e880ae2db9bc341ebc45)
✅ Element(s) visible for XPath: //h6[text()='Quick Search '] (Waited 5 sec)
✅ Successfully clicked element with XPath: //h6[text()='Quick Search ']]]>
  </system-out>
</testsuite> <!-- tests.SimplifyQuickSearch -->
